ISim log file
Running: J:\EE 320\Lab4_EE320_Taylor_Cowley\seven_segment_top_isim_beh.exe -intstyle ise -gui -tclbatch isim.cmd -wdb J:/EE 320/Lab4_EE320_Taylor_Cowley/seven_segment_top_isim_beh.wdb 
ISim P.20131013 (signature 0x7708f090)
----------------------------------------------------------------------
INFO:Security:51 - The XILINXD_LICENSE_FILE environment variable is not set.
INFO:Security:52 - The LM_LICENSE_FILE environment variable is set to '2100@xilinxlic1.ee.byu.edu'.
WARNING:Security:43 - No license file was found in the standard Xilinx license directory.
WARNING:Security:44 - Since no license file was found,
       please run the Xilinx License Configuration Manager
       (xlcm or "Manage Xilinx Licenses")
       to assist in obtaining a license.
WARNING:Security:42 - Your software subscription period has lapsed. Your current version of Xilinx tools will continue to function, but you no longer qualify for Xilinx software updates or new releases.


----------------------------------------------------------------------
This is a Full version of ISim.
Time resolution is 1 ps
# onerror resume
# wave add /
# run 1000 ns
Simulator is doing circuit initialization process.
Finished circuit initialization process.
# put btn 0010
# put sw 11010010
# isim force add clk 1 -value 0 -time 10 ns -repeat 20 ns
# run 1ms
# put btn 0001
# run ms
# put btn 0000
# run 3 ms
