ISim log file
Running: J:\EE 320\Homework9\problem_9_11_isim_beh.exe -intstyle ise -gui -tclbatch isim.cmd -wdb J:/EE 320/Homework9/problem_9_11_isim_beh.wdb 
ISim P.20131013 (signature 0x8ef4fb42)
----------------------------------------------------------------------
INFO:Security:50 - The XILINXD_LICENSE_FILE environment variable is set to '2100@xilinxlic1.ee.byu.edu'.
INFO:Security:52 - The LM_LICENSE_FILE environment variable is set to '1717@modelsimlic1.ee.byu.edu'.
WARNING:Security:43 - No license file was found in the standard Xilinx license directory.
WARNING:Security:44 - Since no license file was found,
       please run the Xilinx License Configuration Manager
       (xlcm or "Manage Xilinx Licenses")
       to assist in obtaining a license.
WARNING:Security:42 - Your software subscription period has lapsed. Your current version of Xilinx tools will continue to function, but you no longer qualify for Xilinx software updates or new releases.


----------------------------------------------------------------------
This is a Full version of ISim.
Time resolution is 1 ps
# onerror resume
# wave add /
# run 1000 ns
Simulator is doing circuit initialization process.
Finished circuit initialization process.
# isim force add clk 1 -value 0 -time 10 ns -repeat 20 ns
# run 20ns
# put reset 1
# put push -
# put push 0
# put pop 0
# put w_data 11110000
# run 20ns
# put reset 0
# put push 1
# run 20ns
# put w_data 10101010
# run 20ns
# put w_data 11001100
# run 20ns
# put w_data 00001111
# run 20ns
# put w_data 11111111
# run 20ns
INFO: Simulator is stopped.
# restart
# isim force add clk 1 -value 0 -time 10 ns -repeat 20 ns
# run 20ns
Simulator is doing circuit initialization process.
Finished circuit initialization process.
# set reset 1
# put reset 1
# put push 0
# put pop 0
# put w_data 11110000
# run 20ns
# put reset 0
# put push 1
# run 20ns
# put w_data 11001100
# run 20ns
# put w_data 10101010
# run 20ns
# put w_data 00001111
# run 20ns
# put push 0
# run 40 ns
# put pop 1
# run 20 ns
# put pop 0
# run 40 ns
# put push 1
# put w_data 11111111
# run 20 ns
# put pop 1
# run 40 ns
