Release 14.7 - xst P.20131013 (nt)
Copyright (c) 1995-2013 Xilinx, Inc.  All rights reserved.
--> Parameter TMPDIR set to xst/projnav.tmp


Total REAL time to Xst completion: 0.00 secs
Total CPU time to Xst completion: 0.33 secs
 
--> Parameter xsthdpdir set to xst


Total REAL time to Xst completion: 0.00 secs
Total CPU time to Xst completion: 0.34 secs
 
--> Reading design: problem_9_11.prj

TABLE OF CONTENTS
  1) Synthesis Options Summary
  2) HDL Compilation
  3) Design Hierarchy Analysis
  4) HDL Analysis
  5) HDL Synthesis
     5.1) HDL Synthesis Report
  6) Advanced HDL Synthesis
     6.1) Advanced HDL Synthesis Report
  7) Low Level Synthesis
  8) Partition Report
  9) Final Report
	9.1) Device utilization summary
	9.2) Partition Resource Summary
	9.3) TIMING REPORT


=========================================================================
*                      Synthesis Options Summary                        *
=========================================================================
---- Source Parameters
Input File Name                    : "problem_9_11.prj"
Input Format                       : mixed
Ignore Synthesis Constraint File   : NO

---- Target Parameters
Output File Name                   : "problem_9_11"
Output Format                      : NGC
Target Device                      : xc3s500e-4-fg320

---- Source Options
Top Module Name                    : problem_9_11
Automatic FSM Extraction           : YES
FSM Encoding Algorithm             : Auto
Safe Implementation                : No
FSM Style                          : LUT
RAM Extraction                     : Yes
RAM Style                          : Auto
ROM Extraction                     : Yes
Mux Style                          : Auto
Decoder Extraction                 : YES
Priority Encoder Extraction        : Yes
Shift Register Extraction          : YES
Logical Shifter Extraction         : YES
XOR Collapsing                     : YES
ROM Style                          : Auto
Mux Extraction                     : Yes
Resource Sharing                   : YES
Asynchronous To Synchronous        : NO
Multiplier Style                   : Auto
Automatic Register Balancing       : No

---- Target Options
Add IO Buffers                     : YES
Global Maximum Fanout              : 100000
Add Generic Clock Buffer(BUFG)     : 24
Register Duplication               : YES
Slice Packing                      : YES
Optimize Instantiated Primitives   : NO
Use Clock Enable                   : Yes
Use Synchronous Set                : Yes
Use Synchronous Reset              : Yes
Pack IO Registers into IOBs        : Auto
Equivalent register Removal        : YES

---- General Options
Optimization Goal                  : Speed
Optimization Effort                : 1
Keep Hierarchy                     : No
Netlist Hierarchy                  : As_Optimized
RTL Output                         : Yes
Global Optimization                : AllClockNets
Read Cores                         : YES
Write Timing Constraints           : NO
Cross Clock Analysis               : NO
Hierarchy Separator                : /
Bus Delimiter                      : <>
Case Specifier                     : Maintain
Slice Utilization Ratio            : 100
BRAM Utilization Ratio             : 100
Verilog 2001                       : YES
Auto BRAM Packing                  : NO
Slice Utilization Ratio Delta      : 5

=========================================================================


=========================================================================
*                          HDL Compilation                              *
=========================================================================
Compiling vhdl file "//fs-caedm/tcowley0/EE 320/Homework9/problem_9_11.vhd" in Library work.
Entity <problem_9_11> compiled.
Entity <problem_9_11> (Architecture <stack>) compiled.

=========================================================================
*                     Design Hierarchy Analysis                         *
=========================================================================
Analyzing hierarchy for entity <problem_9_11> in library <work> (architecture <stack>).


=========================================================================
*                            HDL Analysis                               *
=========================================================================
Analyzing Entity <problem_9_11> in library <work> (Architecture <stack>).
WARNING:Xst:790 - "//fs-caedm/tcowley0/EE 320/Homework9/problem_9_11.vhd" line 56: Index value(s) does not match array range, simulation mismatch.
INFO:Xst:1433 - Contents of array <stack_memory> may be accessed with an index that exceeds the array size. This could cause simulation mismatch.
WARNING:Xst:790 - "//fs-caedm/tcowley0/EE 320/Homework9/problem_9_11.vhd" line 63: Index value(s) does not match array range, simulation mismatch.
Entity <problem_9_11> analyzed. Unit <problem_9_11> generated.


=========================================================================
*                           HDL Synthesis                               *
=========================================================================

Performing bidirectional port resolution...

Synthesizing Unit <problem_9_11>.
    Related source file is "//fs-caedm/tcowley0/EE 320/Homework9/problem_9_11.vhd".
WARNING:Xst:1306 - Output <r_data> is never assigned.
WARNING:Xst:646 - Signal <data_out_reg> is assigned but never used. This unconnected signal will be trimmed during the optimization process.
    Found 4-bit updown counter for signal <current_address>.
    Summary:
	inferred   1 Counter(s).
Unit <problem_9_11> synthesized.


=========================================================================
HDL Synthesis Report

Macro Statistics
# Counters                                             : 1
 4-bit updown counter                                  : 1

=========================================================================

=========================================================================
*                       Advanced HDL Synthesis                          *
=========================================================================


=========================================================================
Advanced HDL Synthesis Report

Macro Statistics
# Counters                                             : 1
 4-bit updown counter                                  : 1

=========================================================================

=========================================================================
*                         Low Level Synthesis                           *
=========================================================================

Optimizing unit <problem_9_11> ...

Mapping all equations...
Building and optimizing final netlist ...
Found area constraint ratio of 100 (+ 5) on block problem_9_11, actual ratio is 0.

Final Macro Processing ...

=========================================================================
Final Register Report

Macro Statistics
# Registers                                            : 4
 Flip-Flops                                            : 4

=========================================================================

=========================================================================
*                           Partition Report                            *
=========================================================================

Partition Implementation Status
-------------------------------

  No Partitions were found in this design.

-------------------------------

=========================================================================
*                            Final Report                               *
=========================================================================
Final Results
RTL Top Level Output File Name     : problem_9_11.ngr
Top Level Output File Name         : problem_9_11
Output Format                      : NGC
Optimization Goal                  : Speed
Keep Hierarchy                     : No

Design Statistics
# IOs                              : 22

Cell Usage :
# BELS                             : 7
#      INV                         : 1
#      LUT2                        : 1
#      LUT3                        : 1
#      LUT4                        : 3
#      LUT4_L                      : 1
# FlipFlops/Latches                : 4
#      FDCE                        : 4
# Clock Buffers                    : 1
#      BUFGP                       : 1
# IO Buffers                       : 5
#      IBUF                        : 3
#      OBUF                        : 2
=========================================================================

Device utilization summary:
---------------------------

Selected Device : 3s500efg320-4 

 Number of Slices:                        4  out of   4656     0%  
 Number of Slice Flip Flops:              4  out of   9312     0%  
 Number of 4 input LUTs:                  7  out of   9312     0%  
 Number of IOs:                          22
 Number of bonded IOBs:                   6  out of    232     2%  
 Number of GCLKs:                         1  out of     24     4%  

---------------------------
Partition Resource Summary:
---------------------------

  No Partitions were found in this design.

---------------------------


=========================================================================
TIMING REPORT

NOTE: THESE TIMING NUMBERS ARE ONLY A SYNTHESIS ESTIMATE.
      FOR ACCURATE TIMING INFORMATION PLEASE REFER TO THE TRACE REPORT
      GENERATED AFTER PLACE-and-ROUTE.

Clock Information:
------------------
-----------------------------------+------------------------+-------+
Clock Signal                       | Clock buffer(FF name)  | Load  |
-----------------------------------+------------------------+-------+
clk                                | BUFGP                  | 4     |
-----------------------------------+------------------------+-------+

Asynchronous Control Signals Information:
----------------------------------------
-----------------------------------+------------------------+-------+
Control Signal                     | Buffer(FF name)        | Load  |
-----------------------------------+------------------------+-------+
reset                              | IBUF                   | 4     |
-----------------------------------+------------------------+-------+

Timing Summary:
---------------
Speed Grade: -4

   Minimum period: 4.298ns (Maximum Frequency: 232.666MHz)
   Minimum input arrival time before clock: 3.875ns
   Maximum output required time after clock: 5.720ns
   Maximum combinational path delay: No path found

Timing Detail:
--------------
All values displayed in nanoseconds (ns)

=========================================================================
Timing constraint: Default period analysis for Clock 'clk'
  Clock period: 4.298ns (frequency: 232.666MHz)
  Total number of paths / destination ports: 30 / 8
-------------------------------------------------------------------------
Delay:               4.298ns (Levels of Logic = 2)
  Source:            current_address_2 (FF)
  Destination:       current_address_0 (FF)
  Source Clock:      clk rising
  Destination Clock: clk rising

  Data Path: current_address_2 to current_address_0
                                Gate     Net
    Cell:in->out      fanout   Delay   Delay  Logical Name (Net Name)
    ----------------------------------------  ------------
     FDCE:C->Q             3   0.591   0.706  current_address_2 (current_address_2)
     LUT4:I0->O            2   0.704   0.451  empty_cmp_eq00001 (empty_OBUF)
     LUT4:I3->O            4   0.704   0.587  current_address_not00011 (current_address_not0001)
     FDCE:CE                   0.555          current_address_0
    ----------------------------------------
    Total                      4.298ns (2.554ns logic, 1.744ns route)
                                       (59.4% logic, 40.6% route)

=========================================================================
Timing constraint: Default OFFSET IN BEFORE for Clock 'clk'
  Total number of paths / destination ports: 11 / 7
-------------------------------------------------------------------------
Offset:              3.875ns (Levels of Logic = 3)
  Source:            pop (PAD)
  Destination:       current_address_3 (FF)
  Destination Clock: clk rising

  Data Path: pop to current_address_3
                                Gate     Net
    Cell:in->out      fanout   Delay   Delay  Logical Name (Net Name)
    ----------------------------------------  ------------
     IBUF:I->O             4   1.218   0.762  pop_IBUF (pop_IBUF)
     LUT4_L:I0->LO         1   0.704   0.179  Result<3>_SW0 (N01)
     LUT2:I1->O            1   0.704   0.000  Result<3> (Result<3>)
     FDCE:D                    0.308          current_address_3
    ----------------------------------------
    Total                      3.875ns (2.934ns logic, 0.941ns route)
                                       (75.7% logic, 24.3% route)

=========================================================================
Timing constraint: Default OFFSET OUT AFTER for Clock 'clk'
  Total number of paths / destination ports: 5 / 2
-------------------------------------------------------------------------
Offset:              5.720ns (Levels of Logic = 2)
  Source:            current_address_2 (FF)
  Destination:       empty (PAD)
  Source Clock:      clk rising

  Data Path: current_address_2 to empty
                                Gate     Net
    Cell:in->out      fanout   Delay   Delay  Logical Name (Net Name)
    ----------------------------------------  ------------
     FDCE:C->Q             3   0.591   0.706  current_address_2 (current_address_2)
     LUT4:I0->O            2   0.704   0.447  empty_cmp_eq00001 (empty_OBUF)
     OBUF:I->O                 3.272          empty_OBUF (empty)
    ----------------------------------------
    Total                      5.720ns (4.567ns logic, 1.153ns route)
                                       (79.8% logic, 20.2% route)

=========================================================================


Total REAL time to Xst completion: 11.00 secs
Total CPU time to Xst completion: 10.94 secs
 
--> 

Total memory usage is 235964 kilobytes

Number of errors   :    0 (   0 filtered)
Number of warnings :    4 (   0 filtered)
Number of infos    :    1 (   0 filtered)

