Running: C:\Xilinx\14.7\ISE_DS\ISE\bin\nt64\unwrapped\fuse.exe -intstyle ise -incremental -o J:/EE 320/Lab10_EE320_Taylor_Cowley/tb_chargen_isim_beh.exe -prj J:/EE 320/Lab10_EE320_Taylor_Cowley/tb_chargen_beh.prj work.tb_chargen 
ISim P.20131013 (signature 0x7708f090)
Number of CPUs detected in this system: 4
Turning on mult-threading, number of parallel sub-compilation jobs: 8 
Determining compilation order of HDL files
Parsing VHDL file "J:/EE 320/Lab10_EE320_Taylor_Cowley/list_ch13_01_font_rom.vhd" into library work
Parsing VHDL file "J:/EE 320/Lab10_EE320_Taylor_Cowley/char_mem.vhd" into library work
Parsing VHDL file "J:/EE 320/Lab10_EE320_Taylor_Cowley/charGen.vhd" into library work
Parsing VHDL file "J:/EE 320/Lab10_EE320_Taylor_Cowley/tb_chargen.vhd" into library work
Starting static elaboration
Completed static elaboration
Compiling package standard
Compiling package std_logic_1164
Compiling package numeric_std
Compiling package textio
Compiling package std_logic_textio
Compiling architecture arch of entity font_rom [font_rom_default]
Compiling architecture arch of entity char_mem [char_mem_default]
Compiling architecture taylor of entity charGen [chargen_default]
Compiling architecture testbench of entity tb_chargen
Time Resolution for simulation is 1ps.
Waiting for 1 sub-compilation(s) to finish...
Compiled 12 VHDL Units
Built simulation executable J:/EE 320/Lab10_EE320_Taylor_Cowley/tb_chargen_isim_beh.exe
Fuse Memory Usage: 39796 KB
Fuse CPU Usage: 935 ms
