ISim log file
Running: J:\EE 320\Lab10_EE320_Taylor_Cowley\tb_chargen_isim_beh.exe -intstyle ise -gui -tclbatch isim.cmd -wdb J:/EE 320/Lab10_EE320_Taylor_Cowley/tb_chargen_isim_beh.wdb 
ISim P.20131013 (signature 0x7708f090)
----------------------------------------------------------------------
INFO:Security:51 - The XILINXD_LICENSE_FILE environment variable is not set.
INFO:Security:52 - The LM_LICENSE_FILE environment variable is set to '2100@xilinxlic1.ee.byu.edu'.
WARNING:Security:43 - No license file was found in the standard Xilinx license directory.
WARNING:Security:44 - Since no license file was found,
       please run the Xilinx License Configuration Manager
       (xlcm or "Manage Xilinx Licenses")
       to assist in obtaining a license.
WARNING:Security:42 - Your software subscription period has lapsed. Your current version of Xilinx tools will continue to function, but you no longer qualify for Xilinx software updates or new releases.


----------------------------------------------------------------------
This is a Full version of ISim.
Time resolution is 1 ps
# onerror resume
# wave add /
# run 1000 ns
Simulator is doing circuit initialization process.
at 0 ps, Instance /tb_chargen/u1/font/ : Warning: NUMERIC_STD.TO_INTEGER: metavalue detected, returning 0
at 0 ps, Instance /tb_chargen/u1/char/ : Warning: NUMERIC_STD.TO_INTEGER: metavalue detected, returning 0
at 0 ps, Instance /tb_chargen/font/ : Warning: NUMERIC_STD.TO_INTEGER: metavalue detected, returning 0
Finished circuit initialization process.
Writing zeros to all memories of character generator
# run 1ms
Writing character 01000001 ('A') to location (0,1)
Writing character 00110000 ('0') to location (44,13)
Writing character 01011001 ('Y') to location (79,31)
Writing character 01111010 ('z') to location (13,27)
Writing character 00101110 ('.') to location (55,2)
# run 1ms
# run 1ms
# run 1ms
# run 1ms
# run 1ms
# run 1ms
# run 1ms
# run 1ms
# run 1ms
# run 1ms
# run 1ms
# run 1ms
# run 1ms
# run 1ms
# run 1ms
# run 1ms
# run 1ms
at 17072011 ns: Note: --- Done  --- (/tb_chargen/).
