ISim log file
Running: J:\EE 320\Lab3_EE320_Taylor_Cowley\seven_seg_decode_testbench_isim_beh.exe -intstyle ise -gui -tclbatch isim.cmd -wdb J:/EE 320/Lab3_EE320_Taylor_Cowley/seven_seg_decode_testbench_isim_beh.wdb 
ISim P.20131013 (signature 0x8ef4fb42)
----------------------------------------------------------------------
INFO:Security:50 - The XILINXD_LICENSE_FILE environment variable is set to '2100@xilinxlic1.ee.byu.edu'.
INFO:Security:52 - The LM_LICENSE_FILE environment variable is set to '1717@modelsimlic1.ee.byu.edu'.
WARNING:Security:43 - No license file was found in the standard Xilinx license directory.
WARNING:Security:44 - Since no license file was found,
       please run the Xilinx License Configuration Manager
       (xlcm or "Manage Xilinx Licenses")
       to assist in obtaining a license.
WARNING:Security:42 - Your software subscription period has lapsed. Your current version of Xilinx tools will continue to function, but you no longer qualify for Xilinx software updates or new releases.


----------------------------------------------------------------------
This is a Full version of ISim.
Time resolution is 1 ps
# onerror resume
# wave add /
# run 1000 ns
Simulator is doing circuit initialization process.
Finished circuit initialization process.
--- Test Button 3 at time: 200 ns
# run 10 ms
--- Test Button 2 at time: 1800 ns
--- Test segments with no buttons pressed at time: 2800 ns
--- Test segments with button 0 pressed at time: 15800 ns
--- Test segments with button 1 pressed at time: 28800 ns
--- Test segments with button 1 and button 0 pressed at time: 35400 ns
Simuation Done at time: 42000 ns
