--------------------------------------------------------------------------------
Release 14.7 Trace  (nt)
Copyright (c) 1995-2013 Xilinx, Inc.  All rights reserved.

C:\Xilinx\14.7\ISE_DS\ISE\bin\nt\unwrapped\trce.exe -intstyle ise -v 3 -s 4 -n
3 -fastpaths -xml seven_seg_decode.twx seven_seg_decode.ncd -o
seven_seg_decode.twr seven_seg_decode.pcf -ucf Spartan3EMaster.ucf

Design file:              seven_seg_decode.ncd
Physical constraint file: seven_seg_decode.pcf
Device,package,speed:     xc3s500e,fg320,-4 (PRODUCTION 1.27 2013-10-13)
Report level:             verbose report

Environment Variable      Effect 
--------------------      ------ 
NONE                      No environment variables were set
--------------------------------------------------------------------------------

INFO:Timing:2698 - No timing constraints found, doing default enumeration.
INFO:Timing:3412 - To improve timing, see the Timing Closure User Guide (UG612).
INFO:Timing:2752 - To get complete path coverage, use the unconstrained paths 
   option. All paths that are not constrained will be reported in the 
   unconstrained paths section(s) of the report.
INFO:Timing:3339 - The clock-to-out numbers in this timing report are based on 
   a 50 Ohm transmission line loading model.  For the details of this model, 
   and for more information on accounting for different loading conditions, 
   please see the device datasheet.
INFO:Timing:3390 - This architecture does not support a default System Jitter 
   value, please add SYSTEM_JITTER constraint to the UCF to modify the Clock 
   Uncertainty calculation.
INFO:Timing:3389 - This architecture does not support 'Discrete Jitter' and 
   'Phase Error' calculations, these terms will be zero in the Clock 
   Uncertainty calculation.  Please make appropriate modification to 
   SYSTEM_JITTER to account for the unsupported Discrete Jitter and Phase 
   Error.



Data Sheet report:
-----------------
All values displayed in nanoseconds (ns)

Pad to Pad
---------------+---------------+---------+
Source Pad     |Destination Pad|  Delay  |
---------------+---------------+---------+
btn<0>         |an<0>          |    6.864|
btn<0>         |an<1>          |    7.575|
btn<0>         |an<2>          |    7.440|
btn<0>         |an<3>          |    6.811|
btn<0>         |seg<0>         |   10.996|
btn<0>         |seg<1>         |   11.140|
btn<0>         |seg<2>         |   12.135|
btn<0>         |seg<3>         |   11.338|
btn<0>         |seg<4>         |   11.286|
btn<0>         |seg<5>         |   10.367|
btn<0>         |seg<6>         |   11.069|
btn<1>         |an<0>          |    6.843|
btn<1>         |an<1>          |    6.668|
btn<1>         |an<2>          |    6.738|
btn<1>         |an<3>          |    6.124|
btn<1>         |seg<0>         |   10.987|
btn<1>         |seg<1>         |   11.198|
btn<1>         |seg<2>         |   12.193|
btn<1>         |seg<3>         |   11.603|
btn<1>         |seg<4>         |   11.551|
btn<1>         |seg<5>         |   10.358|
btn<1>         |seg<6>         |   11.060|
btn<2>         |an<0>          |    6.133|
btn<2>         |an<1>          |    6.469|
btn<2>         |an<2>          |    6.715|
btn<2>         |an<3>          |    6.063|
btn<3>         |an<0>          |    6.100|
btn<3>         |an<1>          |    6.559|
btn<3>         |an<2>          |    7.135|
btn<3>         |an<3>          |    6.548|
btn<3>         |dp             |    5.819|
btn<3>         |seg<0>         |    7.844|
btn<3>         |seg<1>         |    6.939|
btn<3>         |seg<2>         |    7.934|
btn<3>         |seg<3>         |    7.180|
btn<3>         |seg<4>         |    7.128|
btn<3>         |seg<5>         |    7.184|
btn<3>         |seg<6>         |    7.392|
sw<0>          |seg<0>         |    9.421|
sw<0>          |seg<1>         |    9.565|
sw<0>          |seg<2>         |   10.560|
sw<0>          |seg<3>         |    9.765|
sw<0>          |seg<4>         |    9.713|
sw<0>          |seg<5>         |    8.792|
sw<0>          |seg<6>         |    9.671|
sw<1>          |seg<0>         |    8.753|
sw<1>          |seg<1>         |   10.167|
sw<1>          |seg<2>         |   11.162|
sw<1>          |seg<3>         |   10.018|
sw<1>          |seg<4>         |    9.966|
sw<1>          |seg<5>         |    8.075|
sw<1>          |seg<6>         |    9.133|
sw<2>          |seg<0>         |    8.814|
sw<2>          |seg<1>         |    8.958|
sw<2>          |seg<2>         |    9.953|
sw<2>          |seg<3>         |    9.164|
sw<2>          |seg<4>         |    9.112|
sw<2>          |seg<5>         |    8.185|
sw<2>          |seg<6>         |    9.070|
sw<3>          |seg<0>         |    8.765|
sw<3>          |seg<1>         |    9.877|
sw<3>          |seg<2>         |   10.872|
sw<3>          |seg<3>         |   10.158|
sw<3>          |seg<4>         |   10.106|
sw<3>          |seg<5>         |    7.929|
sw<3>          |seg<6>         |    9.273|
sw<4>          |seg<0>         |    9.582|
sw<4>          |seg<1>         |    9.726|
sw<4>          |seg<2>         |   10.721|
sw<4>          |seg<3>         |    9.924|
sw<4>          |seg<4>         |    9.872|
sw<4>          |seg<5>         |    8.953|
sw<4>          |seg<6>         |    9.655|
sw<5>          |seg<0>         |    9.037|
sw<5>          |seg<1>         |   10.025|
sw<5>          |seg<2>         |   11.020|
sw<5>          |seg<3>         |   10.430|
sw<5>          |seg<4>         |   10.378|
sw<5>          |seg<5>         |    8.201|
sw<5>          |seg<6>         |    9.545|
sw<6>          |seg<0>         |    9.678|
sw<6>          |seg<1>         |    9.977|
sw<6>          |seg<2>         |   10.972|
sw<6>          |seg<3>         |   10.351|
sw<6>          |seg<4>         |   10.299|
sw<6>          |seg<5>         |    8.885|
sw<6>          |seg<6>         |   10.257|
sw<7>          |seg<0>         |    9.430|
sw<7>          |seg<1>         |   10.844|
sw<7>          |seg<2>         |   11.839|
sw<7>          |seg<3>         |   10.639|
sw<7>          |seg<4>         |   10.402|
sw<7>          |seg<5>         |    8.752|
sw<7>          |seg<6>         |    9.421|
---------------+---------------+---------+


Analysis completed Fri Jan 22 17:41:04 2016 
--------------------------------------------------------------------------------

Trace Settings:
-------------------------
Trace Settings 

Peak Memory Usage: 168 MB



