ISim log file
Running: J:\EE 320\Lab8_EE320_Taylor_Cowley\rx_testbench_isim_beh.exe -intstyle ise -gui -tclbatch isim.cmd -wdb J:/EE 320/Lab8_EE320_Taylor_Cowley/rx_testbench_isim_beh.wdb 
ISim P.20131013 (signature 0x8ef4fb42)
----------------------------------------------------------------------
INFO:Security:50 - The XILINXD_LICENSE_FILE environment variable is set to '2100@xilinxlic1.ee.byu.edu'.
INFO:Security:52 - The LM_LICENSE_FILE environment variable is set to '1717@modelsimlic1.ee.byu.edu'.
WARNING:Security:43 - No license file was found in the standard Xilinx license directory.
WARNING:Security:44 - Since no license file was found,
       please run the Xilinx License Configuration Manager
       (xlcm or "Manage Xilinx Licenses")
       to assist in obtaining a license.
WARNING:Security:42 - Your software subscription period has lapsed. Your current version of Xilinx tools will continue to function, but you no longer qualify for Xilinx software updates or new releases.


----------------------------------------------------------------------
This is a Full version of ISim.
Time resolution is 1 ps
# onerror resume
# wave add /
# run 1000 ns
Simulator is doing circuit initialization process.
--- Begin with all signals uninitialized --- at 0 ns
Finished circuit initialization process.
--- Start the clock, other signals uninitialized --- at 500 ns
# run 10ms
--- Release Reset --- at 4000 ns
--- Test #1 --- at 5000 ns
Successfully received the following byte:01010101
Successfully received the following byte:10101010
Successfully received the following byte:11111111
Successfully received the following byte:00000000
--- Test #3 --- at 2818049.999 ns
--- Test #4 --- at 3703466.66 ns
--- Test #5 --- at 4382549.989 ns
--- Test Done --- at 4955526.663 ns
