Release 14.7 - xst P.20131013 (nt64)
Copyright (c) 1995-2013 Xilinx, Inc.  All rights reserved.
--> Parameter TMPDIR set to xst/projnav.tmp


Total REAL time to Xst completion: 1.00 secs
Total CPU time to Xst completion: 0.19 secs
 
--> Parameter xsthdpdir set to xst


Total REAL time to Xst completion: 1.00 secs
Total CPU time to Xst completion: 0.20 secs
 
--> Reading design: top.prj

TABLE OF CONTENTS
  1) Synthesis Options Summary
  2) HDL Compilation
  3) Design Hierarchy Analysis
  4) HDL Analysis
  5) HDL Synthesis
     5.1) HDL Synthesis Report
  6) Advanced HDL Synthesis
     6.1) Advanced HDL Synthesis Report
  7) Low Level Synthesis
  8) Partition Report
  9) Final Report
	9.1) Device utilization summary
	9.2) Partition Resource Summary
	9.3) TIMING REPORT


=========================================================================
*                      Synthesis Options Summary                        *
=========================================================================
---- Source Parameters
Input File Name                    : "top.prj"
Input Format                       : mixed
Ignore Synthesis Constraint File   : NO

---- Target Parameters
Output File Name                   : "top"
Output Format                      : NGC
Target Device                      : xc3s500e-4-fg320

---- Source Options
Top Module Name                    : top
Automatic FSM Extraction           : YES
FSM Encoding Algorithm             : Auto
Safe Implementation                : No
FSM Style                          : LUT
RAM Extraction                     : Yes
RAM Style                          : Auto
ROM Extraction                     : Yes
Mux Style                          : Auto
Decoder Extraction                 : YES
Priority Encoder Extraction        : Yes
Shift Register Extraction          : YES
Logical Shifter Extraction         : YES
XOR Collapsing                     : YES
ROM Style                          : Auto
Mux Extraction                     : Yes
Resource Sharing                   : YES
Asynchronous To Synchronous        : NO
Multiplier Style                   : Auto
Automatic Register Balancing       : No

---- Target Options
Add IO Buffers                     : YES
Global Maximum Fanout              : 100000
Add Generic Clock Buffer(BUFG)     : 24
Register Duplication               : YES
Slice Packing                      : YES
Optimize Instantiated Primitives   : NO
Use Clock Enable                   : Yes
Use Synchronous Set                : Yes
Use Synchronous Reset              : Yes
Pack IO Registers into IOBs        : Auto
Equivalent register Removal        : YES

---- General Options
Optimization Goal                  : Speed
Optimization Effort                : 1
Keep Hierarchy                     : No
Netlist Hierarchy                  : As_Optimized
RTL Output                         : Yes
Global Optimization                : AllClockNets
Read Cores                         : YES
Write Timing Constraints           : NO
Cross Clock Analysis               : NO
Hierarchy Separator                : /
Bus Delimiter                      : <>
Case Specifier                     : Maintain
Slice Utilization Ratio            : 100
BRAM Utilization Ratio             : 100
Verilog 2001                       : YES
Auto BRAM Packing                  : NO
Slice Utilization Ratio Delta      : 5

=========================================================================


=========================================================================
*                          HDL Compilation                              *
=========================================================================
Compiling vhdl file "//fs-caedm/tcowley0/EE 320/Lab8_EE320_Taylor_Cowley/tx.vhd" in Library work.
Architecture taylor of Entity tx is up to date.
Compiling vhdl file "//fs-caedm/tcowley0/EE 320/Lab8_EE320_Taylor_Cowley/rx.vhd" in Library work.
Architecture taylor of Entity rx is up to date.
Compiling vhdl file "//fs-caedm/tcowley0/EE 320/Lab8_EE320_Taylor_Cowley/seven_seg_control.vhd" in Library work.
Architecture best of Entity seven_segment_control is up to date.
Compiling vhdl file "//fs-caedm/tcowley0/EE 320/Lab8_EE320_Taylor_Cowley/top.vhd" in Library work.
Architecture yolo of Entity top is up to date.

=========================================================================
*                     Design Hierarchy Analysis                         *
=========================================================================
Analyzing hierarchy for entity <top> in library <work> (architecture <yolo>).

Analyzing hierarchy for entity <tx> in library <work> (architecture <taylor>) with generics.
	BAUD_RATE = 19200
	CLK_RATE = 50000000

Analyzing hierarchy for entity <rx> in library <work> (architecture <taylor>) with generics.
	BAUD_RATE = 19200
	CLK_RATE = 50000000

Analyzing hierarchy for entity <seven_segment_control> in library <work> (architecture <best>) with generics.
	COUNTER_BITS = 15


=========================================================================
*                            HDL Analysis                               *
=========================================================================
Analyzing Entity <top> in library <work> (Architecture <yolo>).
Entity <top> analyzed. Unit <top> generated.

Analyzing generic Entity <tx> in library <work> (Architecture <taylor>).
	BAUD_RATE = 19200
	CLK_RATE = 50000000
Entity <tx> analyzed. Unit <tx> generated.

Analyzing generic Entity <rx> in library <work> (Architecture <taylor>).
	BAUD_RATE = 19200
	CLK_RATE = 50000000
Entity <rx> analyzed. Unit <rx> generated.

Analyzing generic Entity <seven_segment_control> in library <work> (Architecture <best>).
	COUNTER_BITS = 15
Entity <seven_segment_control> analyzed. Unit <seven_segment_control> generated.


=========================================================================
*                           HDL Synthesis                               *
=========================================================================

Performing bidirectional port resolution...

Synthesizing Unit <tx>.
    Related source file is "//fs-caedm/tcowley0/EE 320/Lab8_EE320_Taylor_Cowley/tx.vhd".
    Found finite state machine <FSM_0> for signal <state_reg>.
    -----------------------------------------------------------------------
    | States             | 12                                             |
    | Transitions        | 24                                             |
    | Inputs             | 2                                              |
    | Outputs            | 13                                             |
    | Clock              | clk                       (rising_edge)        |
    | Reset              | rst                       (positive)           |
    | Reset type         | asynchronous                                   |
    | Reset State        | idle                                           |
    | Power Up State     | idle                                           |
    | Encoding           | automatic                                      |
    | Implementation     | LUT                                            |
    -----------------------------------------------------------------------
    Found 1-bit register for signal <tx_busy>.
    Found 1-bit register for signal <tx_out>.
    Found 12-bit register for signal <bit_timer>.
    Found 12-bit adder for signal <bit_timer$addsub0000> created at line 67.
    Found 8-bit register for signal <shift_value>.
    Found 1-bit register for signal <tx_bit>.
    Found 1-bit register for signal <tx_out_reg>.
    Summary:
	inferred   1 Finite State Machine(s).
	inferred  24 D-type flip-flop(s).
	inferred   1 Adder/Subtractor(s).
Unit <tx> synthesized.


Synthesizing Unit <rx>.
    Related source file is "//fs-caedm/tcowley0/EE 320/Lab8_EE320_Taylor_Cowley/rx.vhd".
    Found finite state machine <FSM_1> for signal <state_reg>.
    -----------------------------------------------------------------------
    | States             | 6                                              |
    | Transitions        | 14                                             |
    | Inputs             | 4                                              |
    | Outputs            | 6                                              |
    | Clock              | clk                       (rising_edge)        |
    | Reset              | rst                       (positive)           |
    | Reset type         | asynchronous                                   |
    | Reset State        | idle                                           |
    | Power Up State     | power_up                                       |
    | Encoding           | automatic                                      |
    | Implementation     | LUT                                            |
    -----------------------------------------------------------------------
    Found 3-bit register for signal <bit_number>.
    Found 3-bit adder for signal <bit_number$addsub0000> created at line 173.
    Found 12-bit register for signal <bit_timer>.
    Found 12-bit adder for signal <bit_timer$addsub0000> created at line 79.
    Found 8-bit register for signal <data_out_reg>.
    Found 1-bit register for signal <data_strobe_reg>.
    Found 1-bit register for signal <rx_bit>.
    Found 1-bit register for signal <rx_busy_reg>.
    Found 1-bit register for signal <rx_one_and_half_bit>.
    Summary:
	inferred   1 Finite State Machine(s).
	inferred  27 D-type flip-flop(s).
	inferred   2 Adder/Subtractor(s).
Unit <rx> synthesized.


Synthesizing Unit <seven_segment_control>.
    Related source file is "//fs-caedm/tcowley0/EE 320/Lab8_EE320_Taylor_Cowley/seven_seg_control.vhd".
    Found 16x7-bit ROM for signal <seg>.
    Found 15-bit up counter for signal <counter>.
    Found 4-bit 4-to-1 multiplexer for signal <decode_THIS>.
    Summary:
	inferred   1 ROM(s).
	inferred   1 Counter(s).
	inferred   4 Multiplexer(s).
Unit <seven_segment_control> synthesized.


Synthesizing Unit <top>.
    Related source file is "//fs-caedm/tcowley0/EE 320/Lab8_EE320_Taylor_Cowley/top.vhd".
WARNING:Xst:646 - Signal <receiver_busy> is assigned but never used. This unconnected signal will be trimmed during the optimization process.
WARNING:Xst:646 - Signal <busy> is assigned but never used. This unconnected signal will be trimmed during the optimization process.
WARNING:Xst:737 - Found 4-bit latch for signal <btn_out>. Latches may be generated from incomplete case or if statements. We do not recommend the use of latches in FPGA/CPLD designs, as they may lead to timing problems.
    Found 20-bit comparator greatequal for signal <btn_out$cmp_ge0000> created at line 132.
    Found 20-bit up counter for signal <debounce_timer>.
    Found 8-bit register for signal <received_data2>.
    Found 8-bit register for signal <received_data3>.
    Found 1-bit register for signal <receiver_in>.
    Found 1-bit register for signal <receiver_in2>.
    Summary:
	inferred   1 Counter(s).
	inferred  18 D-type flip-flop(s).
	inferred   1 Comparator(s).
Unit <top> synthesized.


=========================================================================
HDL Synthesis Report

Macro Statistics
# ROMs                                                 : 1
 16x7-bit ROM                                          : 1
# Adders/Subtractors                                   : 3
 12-bit adder                                          : 2
 3-bit adder                                           : 1
# Counters                                             : 2
 15-bit up counter                                     : 1
 20-bit up counter                                     : 1
# Registers                                            : 17
 1-bit register                                        : 10
 12-bit register                                       : 2
 3-bit register                                        : 1
 8-bit register                                        : 4
# Latches                                              : 1
 4-bit latch                                           : 1
# Comparators                                          : 1
 20-bit comparator greatequal                          : 1
# Multiplexers                                         : 1
 4-bit 4-to-1 multiplexer                              : 1

=========================================================================

=========================================================================
*                       Advanced HDL Synthesis                          *
=========================================================================

Analyzing FSM <FSM_1> for best encoding.
Optimizing FSM <urx/state_reg/FSM> on signal <state_reg[1:3]> with gray encoding.
-------------------------
 State       | Encoding
-------------------------
 power_up    | 000
 idle        | 001
 start_state | 011
 bit_read    | 010
 stop_state  | 110
 stop_reject | 111
-------------------------
Analyzing FSM <FSM_0> for best encoding.
Optimizing FSM <utx/state_reg/FSM> on signal <state_reg[1:12]> with one-hot encoding.
-----------------------------
 State       | Encoding
-----------------------------
 idle        | 000000000001
 start_state | 000000000010
 b0          | 000000000100
 b1          | 000000001000
 b2          | 000000010000
 b3          | 000000100000
 b4          | 000001000000
 b5          | 000010000000
 b6          | 000100000000
 b7          | 001000000000
 stop_state  | 010000000000
 re_turn     | 100000000000
-----------------------------

=========================================================================
Advanced HDL Synthesis Report

Macro Statistics
# FSMs                                                 : 2
# ROMs                                                 : 1
 16x7-bit ROM                                          : 1
# Adders/Subtractors                                   : 3
 12-bit adder                                          : 2
 3-bit adder                                           : 1
# Counters                                             : 2
 15-bit up counter                                     : 1
 20-bit up counter                                     : 1
# Registers                                            : 69
 Flip-Flops                                            : 69
# Latches                                              : 1
 4-bit latch                                           : 1
# Comparators                                          : 1
 20-bit comparator greatequal                          : 1
# Multiplexers                                         : 1
 4-bit 4-to-1 multiplexer                              : 1

=========================================================================

=========================================================================
*                         Low Level Synthesis                           *
=========================================================================

Optimizing unit <top> ...

Optimizing unit <tx> ...

Optimizing unit <rx> ...

Optimizing unit <seven_segment_control> ...
WARNING:Xst:2677 - Node <utx/tx_busy> of sequential type is unconnected in block <top>.
WARNING:Xst:2677 - Node <urx/rx_busy_reg> of sequential type is unconnected in block <top>.

Mapping all equations...
Building and optimizing final netlist ...
Found area constraint ratio of 100 (+ 5) on block top, actual ratio is 2.

Final Macro Processing ...

Processing Unit <top> :
	Found 2-bit shift register for signal <receiver_in2>.
Unit <top> processed.

=========================================================================
Final Register Report

Macro Statistics
# Registers                                            : 115
 Flip-Flops                                            : 115
# Shift Registers                                      : 1
 2-bit shift register                                  : 1

=========================================================================

=========================================================================
*                           Partition Report                            *
=========================================================================

Partition Implementation Status
-------------------------------

  No Partitions were found in this design.

-------------------------------

=========================================================================
*                            Final Report                               *
=========================================================================
Final Results
RTL Top Level Output File Name     : top.ngr
Top Level Output File Name         : top
Output Format                      : NGC
Optimization Goal                  : Speed
Keep Hierarchy                     : No

Design Statistics
# IOs                              : 36

Cell Usage :
# BELS                             : 317
#      GND                         : 1
#      INV                         : 5
#      LUT1                        : 59
#      LUT2                        : 27
#      LUT3                        : 32
#      LUT3_D                      : 1
#      LUT3_L                      : 2
#      LUT4                        : 51
#      LUT4_D                      : 6
#      MUXCY                       : 64
#      MUXF5                       : 9
#      VCC                         : 1
#      XORCY                       : 59
# FlipFlops/Latches                : 120
#      FD                          : 16
#      FDC                         : 64
#      FDCE                        : 16
#      FDE                         : 16
#      FDP                         : 4
#      LD                          : 4
# Shift Registers                  : 1
#      SRL16                       : 1
# Clock Buffers                    : 1
#      BUFGP                       : 1
# IO Buffers                       : 35
#      IBUF                        : 14
#      OBUF                        : 21
=========================================================================

Device utilization summary:
---------------------------

Selected Device : 3s500efg320-4 

 Number of Slices:                       98  out of   4656     2%  
 Number of Slice Flip Flops:            117  out of   9312     1%  
 Number of 4 input LUTs:                184  out of   9312     1%  
    Number used as logic:               183
    Number used as Shift registers:       1
 Number of IOs:                          36
 Number of bonded IOBs:                  36  out of    232    15%  
    IOB Flip Flops:                       3
 Number of GCLKs:                         1  out of     24     4%  

---------------------------
Partition Resource Summary:
---------------------------

  No Partitions were found in this design.

---------------------------


=========================================================================
TIMING REPORT

NOTE: THESE TIMING NUMBERS ARE ONLY A SYNTHESIS ESTIMATE.
      FOR ACCURATE TIMING INFORMATION PLEASE REFER TO THE TRACE REPORT
      GENERATED AFTER PLACE-and-ROUTE.

Clock Information:
------------------
------------------------------------------------------+------------------------+-------+
Clock Signal                                          | Clock buffer(FF name)  | Load  |
------------------------------------------------------+------------------------+-------+
clk                                                   | BUFGP                  | 117   |
btn_out_cmp_ge0000(Mcompar_btn_out_cmp_ge0000_cy<8>:O)| NONE(*)(btn_out_0)     | 4     |
------------------------------------------------------+------------------------+-------+
(*) This 1 clock signal(s) are generated by combinatorial logic,
and XST is not able to identify which are the primary clock signals.
Please use the CLOCK_SIGNAL constraint to specify the clock signal(s) generated by combinatorial logic.
INFO:Xst:2169 - HDL ADVISOR - Some clock signals were not automatically buffered by XST with BUFG/BUFR resources. Please use the buffer_type constraint in order to insert these buffers to the clock signals to help prevent skew problems.

Asynchronous Control Signals Information:
----------------------------------------
-----------------------------------------------+------------------------+-------+
Control Signal                                 | Buffer(FF name)        | Load  |
-----------------------------------------------+------------------------+-------+
reset                                          | IBUF                   | 64    |
debounce_timer_or0000(debounce_timer_or00001:O)| NONE(debounce_timer_0) | 20    |
-----------------------------------------------+------------------------+-------+

Timing Summary:
---------------
Speed Grade: -4

   Minimum period: 6.403ns (Maximum Frequency: 156.177MHz)
   Minimum input arrival time before clock: 3.888ns
   Maximum output required time after clock: 8.053ns
   Maximum combinational path delay: No path found

Timing Detail:
--------------
All values displayed in nanoseconds (ns)

=========================================================================
Timing constraint: Default period analysis for Clock 'clk'
  Clock period: 6.403ns (frequency: 156.177MHz)
  Total number of paths / destination ports: 1423 / 148
-------------------------------------------------------------------------
Delay:               6.403ns (Levels of Logic = 4)
  Source:            urx/bit_timer_9 (FF)
  Destination:       urx/bit_timer_11 (FF)
  Source Clock:      clk rising
  Destination Clock: clk rising

  Data Path: urx/bit_timer_9 to urx/bit_timer_11
                                Gate     Net
    Cell:in->out      fanout   Delay   Delay  Logical Name (Net Name)
    ----------------------------------------  ------------
     FDC:C->Q              2   0.591   0.622  urx/bit_timer_9 (urx/bit_timer_9)
     LUT4:I0->O            2   0.704   0.526  urx/rx_bit_mux0002115 (urx/rx_bit_mux0002115)
     LUT2:I1->O            8   0.704   0.792  urx/rx_bit_mux0002116 (urx/rx_one_and_half_bit_and0000)
     LUT4:I2->O            6   0.704   0.748  urx/rx_bit_mux0002 (urx/rx_bit_mux0002)
     LUT3:I1->O            1   0.704   0.000  urx/bit_timer_mux0003<9>1 (urx/bit_timer_mux0003<9>)
     FDC:D                     0.308          urx/bit_timer_2
    ----------------------------------------
    Total                      6.403ns (3.715ns logic, 2.688ns route)
                                       (58.0% logic, 42.0% route)

=========================================================================
Timing constraint: Default OFFSET IN BEFORE for Clock 'btn_out_cmp_ge0000'
  Total number of paths / destination ports: 4 / 4
-------------------------------------------------------------------------
Offset:              1.973ns (Levels of Logic = 1)
  Source:            btn<0> (PAD)
  Destination:       btn_out_0 (LATCH)
  Destination Clock: btn_out_cmp_ge0000 falling

  Data Path: btn<0> to btn_out_0
                                Gate     Net
    Cell:in->out      fanout   Delay   Delay  Logical Name (Net Name)
    ----------------------------------------  ------------
     IBUF:I->O             2   1.218   0.447  btn_0_IBUF (btn_0_IBUF)
     LD:D                      0.308          btn_out_0
    ----------------------------------------
    Total                      1.973ns (1.526ns logic, 0.447ns route)
                                       (77.3% logic, 22.7% route)

=========================================================================
Timing constraint: Default OFFSET IN BEFORE for Clock 'clk'
  Total number of paths / destination ports: 9 / 9
-------------------------------------------------------------------------
Offset:              3.888ns (Levels of Logic = 3)
  Source:            sw<6> (PAD)
  Destination:       utx/shift_value_6 (FF)
  Destination Clock: clk rising

  Data Path: sw<6> to utx/shift_value_6
                                Gate     Net
    Cell:in->out      fanout   Delay   Delay  Logical Name (Net Name)
    ----------------------------------------  ------------
     IBUF:I->O             1   1.218   0.499  sw_6_IBUF (sw_6_IBUF)
     LUT3:I1->O            1   0.704   0.455  utx/shift_value_mux0002<6>_SW0 (N19)
     LUT4:I2->O            1   0.704   0.000  utx/shift_value_mux0002<6> (utx/shift_value_mux0002<6>)
     FDCE:D                    0.308          utx/shift_value_6
    ----------------------------------------
    Total                      3.888ns (2.934ns logic, 0.954ns route)
                                       (75.5% logic, 24.5% route)

=========================================================================
Timing constraint: Default OFFSET OUT AFTER for Clock 'clk'
  Total number of paths / destination ports: 213 / 20
-------------------------------------------------------------------------
Offset:              8.053ns (Levels of Logic = 4)
  Source:            YEAH_CONTROL/counter_13 (FF)
  Destination:       seg<6> (PAD)
  Source Clock:      clk rising

  Data Path: YEAH_CONTROL/counter_13 to seg<6>
                                Gate     Net
    Cell:in->out      fanout   Delay   Delay  Logical Name (Net Name)
    ----------------------------------------  ------------
     FD:C->Q              13   0.591   1.158  YEAH_CONTROL/counter_13 (YEAH_CONTROL/counter_13)
     LUT3:I0->O            1   0.704   0.000  YEAH_CONTROL/Mmux_decode_THIS_3 (YEAH_CONTROL/Mmux_decode_THIS_3)
     MUXF5:I1->O           7   0.321   0.883  YEAH_CONTROL/Mmux_decode_THIS_2_f5 (YEAH_CONTROL/decode_THIS<0>)
     LUT4:I0->O            1   0.704   0.420  YEAH_CONTROL/Mrom_seg31 (seg_3_OBUF)
     OBUF:I->O                 3.272          seg_3_OBUF (seg<3>)
    ----------------------------------------
    Total                      8.053ns (5.592ns logic, 2.461ns route)
                                       (69.4% logic, 30.6% route)

=========================================================================


Total REAL time to Xst completion: 10.00 secs
Total CPU time to Xst completion: 10.00 secs
 
--> 

Total memory usage is 266060 kilobytes

Number of errors   :    0 (   0 filtered)
Number of warnings :    5 (   0 filtered)
Number of infos    :    1 (   0 filtered)

