Release 14.7 - xst P.20131013 (nt64)
Copyright (c) 1995-2013 Xilinx, Inc.  All rights reserved.
--> Parameter TMPDIR set to xst/projnav.tmp


Total REAL time to Xst completion: 0.00 secs
Total CPU time to Xst completion: 0.19 secs
 
--> Parameter xsthdpdir set to xst


Total REAL time to Xst completion: 0.00 secs
Total CPU time to Xst completion: 0.19 secs
 
--> Reading design: top_better.prj

TABLE OF CONTENTS
  1) Synthesis Options Summary
  2) HDL Compilation
  3) Design Hierarchy Analysis
  4) HDL Analysis
  5) HDL Synthesis
     5.1) HDL Synthesis Report
  6) Advanced HDL Synthesis
     6.1) Advanced HDL Synthesis Report
  7) Low Level Synthesis
  8) Partition Report
  9) Final Report
	9.1) Device utilization summary
	9.2) Partition Resource Summary
	9.3) TIMING REPORT


=========================================================================
*                      Synthesis Options Summary                        *
=========================================================================
---- Source Parameters
Input File Name                    : "top_better.prj"
Input Format                       : mixed
Ignore Synthesis Constraint File   : NO

---- Target Parameters
Output File Name                   : "top_better"
Output Format                      : NGC
Target Device                      : xc3s500e-4-fg320

---- Source Options
Top Module Name                    : top_better
Automatic FSM Extraction           : YES
FSM Encoding Algorithm             : Auto
Safe Implementation                : No
FSM Style                          : LUT
RAM Extraction                     : Yes
RAM Style                          : Auto
ROM Extraction                     : Yes
Mux Style                          : Auto
Decoder Extraction                 : YES
Priority Encoder Extraction        : Yes
Shift Register Extraction          : YES
Logical Shifter Extraction         : YES
XOR Collapsing                     : YES
ROM Style                          : Auto
Mux Extraction                     : Yes
Resource Sharing                   : YES
Asynchronous To Synchronous        : NO
Multiplier Style                   : Auto
Automatic Register Balancing       : No

---- Target Options
Add IO Buffers                     : YES
Global Maximum Fanout              : 100000
Add Generic Clock Buffer(BUFG)     : 24
Register Duplication               : YES
Slice Packing                      : YES
Optimize Instantiated Primitives   : NO
Use Clock Enable                   : Yes
Use Synchronous Set                : Yes
Use Synchronous Reset              : Yes
Pack IO Registers into IOBs        : Auto
Equivalent register Removal        : YES

---- General Options
Optimization Goal                  : Speed
Optimization Effort                : 1
Keep Hierarchy                     : No
Netlist Hierarchy                  : As_Optimized
RTL Output                         : Yes
Global Optimization                : AllClockNets
Read Cores                         : YES
Write Timing Constraints           : NO
Cross Clock Analysis               : NO
Hierarchy Separator                : /
Bus Delimiter                      : <>
Case Specifier                     : Maintain
Slice Utilization Ratio            : 100
BRAM Utilization Ratio             : 100
Verilog 2001                       : YES
Auto BRAM Packing                  : NO
Slice Utilization Ratio Delta      : 5

=========================================================================


=========================================================================
*                          HDL Compilation                              *
=========================================================================
Compiling vhdl file "//fs-caedm/tcowley0/EE 320/Lab8_EE320_Taylor_Cowley/seven_seg_control.vhd" in Library work.
Architecture best of Entity seven_segment_control is up to date.
Compiling vhdl file "//fs-caedm/tcowley0/EE 320/Lab8_EE320_Taylor_Cowley/top_better.vhd" in Library work.
Entity <top_better> compiled.
Entity <top_better> (Architecture <taylor>) compiled.

=========================================================================
*                     Design Hierarchy Analysis                         *
=========================================================================
Analyzing hierarchy for entity <top_better> in library <work> (architecture <taylor>).

Analyzing hierarchy for entity <seven_segment_control> in library <work> (architecture <best>) with generics.
	COUNTER_BITS = 15


=========================================================================
*                            HDL Analysis                               *
=========================================================================
Analyzing Entity <top_better> in library <work> (Architecture <taylor>).
Entity <top_better> analyzed. Unit <top_better> generated.

Analyzing generic Entity <seven_segment_control> in library <work> (Architecture <best>).
	COUNTER_BITS = 15
Entity <seven_segment_control> analyzed. Unit <seven_segment_control> generated.


=========================================================================
*                           HDL Synthesis                               *
=========================================================================

Performing bidirectional port resolution...

Synthesizing Unit <seven_segment_control>.
    Related source file is "//fs-caedm/tcowley0/EE 320/Lab8_EE320_Taylor_Cowley/seven_seg_control.vhd".
    Using one-hot encoding for signal <decode_THIS>.
    Found 15-bit up counter for signal <counter>.
    Summary:
	inferred   1 Counter(s).
Unit <seven_segment_control> synthesized.


Synthesizing Unit <top_better>.
    Related source file is "//fs-caedm/tcowley0/EE 320/Lab8_EE320_Taylor_Cowley/top_better.vhd".
WARNING:Xst:647 - Input <reset> is never used. This port will be preserved and left unconnected if it belongs to a top-level block or it belongs to a sub-block and the hierarchy of this sub-block is preserved.
WARNING:Xst:647 - Input <RsRx> is never used. This port will be preserved and left unconnected if it belongs to a top-level block or it belongs to a sub-block and the hierarchy of this sub-block is preserved.
WARNING:Xst:647 - Input <sw> is never used. This port will be preserved and left unconnected if it belongs to a top-level block or it belongs to a sub-block and the hierarchy of this sub-block is preserved.
WARNING:Xst:1780 - Signal <rx_in_2> is never used or assigned. This unconnected signal will be trimmed during the optimization process.
WARNING:Xst:1780 - Signal <rx_in_1> is never used or assigned. This unconnected signal will be trimmed during the optimization process.
WARNING:Xst:1780 - Signal <rx_busy> is never used or assigned. This unconnected signal will be trimmed during the optimization process.
WARNING:Xst:1780 - Signal <data_strobe> is never used or assigned. This unconnected signal will be trimmed during the optimization process.
WARNING:Xst:1780 - Signal <data_out> is never used or assigned. This unconnected signal will be trimmed during the optimization process.
Unit <top_better> synthesized.


=========================================================================
HDL Synthesis Report

Macro Statistics
# Counters                                             : 1
 15-bit up counter                                     : 1

=========================================================================

=========================================================================
*                       Advanced HDL Synthesis                          *
=========================================================================


=========================================================================
Advanced HDL Synthesis Report

Macro Statistics
# Counters                                             : 1
 15-bit up counter                                     : 1

=========================================================================

=========================================================================
*                         Low Level Synthesis                           *
=========================================================================

Optimizing unit <top_better> ...

Optimizing unit <seven_segment_control> ...

Mapping all equations...
Building and optimizing final netlist ...
Found area constraint ratio of 100 (+ 5) on block top_better, actual ratio is 0.

Final Macro Processing ...

=========================================================================
Final Register Report

Macro Statistics
# Registers                                            : 15
 Flip-Flops                                            : 15

=========================================================================

=========================================================================
*                           Partition Report                            *
=========================================================================

Partition Implementation Status
-------------------------------

  No Partitions were found in this design.

-------------------------------

=========================================================================
*                            Final Report                               *
=========================================================================
Final Results
RTL Top Level Output File Name     : top_better.ngr
Top Level Output File Name         : top_better
Output Format                      : NGC
Optimization Goal                  : Speed
Keep Hierarchy                     : No

Design Statistics
# IOs                              : 31

Cell Usage :
# BELS                             : 50
#      GND                         : 1
#      INV                         : 1
#      LUT1                        : 14
#      LUT2                        : 4
#      MUXCY                       : 14
#      VCC                         : 1
#      XORCY                       : 15
# FlipFlops/Latches                : 15
#      FD                          : 15
# Clock Buffers                    : 1
#      BUFGP                       : 1
# IO Buffers                       : 20
#      OBUF                        : 20
=========================================================================

Device utilization summary:
---------------------------

Selected Device : 3s500efg320-4 

 Number of Slices:                       10  out of   4656     0%  
 Number of Slice Flip Flops:             15  out of   9312     0%  
 Number of 4 input LUTs:                 19  out of   9312     0%  
 Number of IOs:                          31
 Number of bonded IOBs:                  21  out of    232     9%  
 Number of GCLKs:                         1  out of     24     4%  

---------------------------
Partition Resource Summary:
---------------------------

  No Partitions were found in this design.

---------------------------


=========================================================================
TIMING REPORT

NOTE: THESE TIMING NUMBERS ARE ONLY A SYNTHESIS ESTIMATE.
      FOR ACCURATE TIMING INFORMATION PLEASE REFER TO THE TRACE REPORT
      GENERATED AFTER PLACE-and-ROUTE.

Clock Information:
------------------
-----------------------------------+------------------------+-------+
Clock Signal                       | Clock buffer(FF name)  | Load  |
-----------------------------------+------------------------+-------+
clk                                | BUFGP                  | 15    |
-----------------------------------+------------------------+-------+

Asynchronous Control Signals Information:
----------------------------------------
No asynchronous control signals found in this design

Timing Summary:
---------------
Speed Grade: -4

   Minimum period: 4.174ns (Maximum Frequency: 239.578MHz)
   Minimum input arrival time before clock: No path found
   Maximum output required time after clock: 5.795ns
   Maximum combinational path delay: No path found

Timing Detail:
--------------
All values displayed in nanoseconds (ns)

=========================================================================
Timing constraint: Default period analysis for Clock 'clk'
  Clock period: 4.174ns (frequency: 239.578MHz)
  Total number of paths / destination ports: 120 / 15
-------------------------------------------------------------------------
Delay:               4.174ns (Levels of Logic = 15)
  Source:            YEAH_CONTROL/counter_1 (FF)
  Destination:       YEAH_CONTROL/counter_14 (FF)
  Source Clock:      clk rising
  Destination Clock: clk rising

  Data Path: YEAH_CONTROL/counter_1 to YEAH_CONTROL/counter_14
                                Gate     Net
    Cell:in->out      fanout   Delay   Delay  Logical Name (Net Name)
    ----------------------------------------  ------------
     FD:C->Q               1   0.591   0.595  YEAH_CONTROL/counter_1 (YEAH_CONTROL/counter_1)
     LUT1:I0->O            1   0.704   0.000  YEAH_CONTROL/Mcount_counter_cy<1>_rt (YEAH_CONTROL/Mcount_counter_cy<1>_rt)
     MUXCY:S->O            1   0.464   0.000  YEAH_CONTROL/Mcount_counter_cy<1> (YEAH_CONTROL/Mcount_counter_cy<1>)
     MUXCY:CI->O           1   0.059   0.000  YEAH_CONTROL/Mcount_counter_cy<2> (YEAH_CONTROL/Mcount_counter_cy<2>)
     MUXCY:CI->O           1   0.059   0.000  YEAH_CONTROL/Mcount_counter_cy<3> (YEAH_CONTROL/Mcount_counter_cy<3>)
     MUXCY:CI->O           1   0.059   0.000  YEAH_CONTROL/Mcount_counter_cy<4> (YEAH_CONTROL/Mcount_counter_cy<4>)
     MUXCY:CI->O           1   0.059   0.000  YEAH_CONTROL/Mcount_counter_cy<5> (YEAH_CONTROL/Mcount_counter_cy<5>)
     MUXCY:CI->O           1   0.059   0.000  YEAH_CONTROL/Mcount_counter_cy<6> (YEAH_CONTROL/Mcount_counter_cy<6>)
     MUXCY:CI->O           1   0.059   0.000  YEAH_CONTROL/Mcount_counter_cy<7> (YEAH_CONTROL/Mcount_counter_cy<7>)
     MUXCY:CI->O           1   0.059   0.000  YEAH_CONTROL/Mcount_counter_cy<8> (YEAH_CONTROL/Mcount_counter_cy<8>)
     MUXCY:CI->O           1   0.059   0.000  YEAH_CONTROL/Mcount_counter_cy<9> (YEAH_CONTROL/Mcount_counter_cy<9>)
     MUXCY:CI->O           1   0.059   0.000  YEAH_CONTROL/Mcount_counter_cy<10> (YEAH_CONTROL/Mcount_counter_cy<10>)
     MUXCY:CI->O           1   0.059   0.000  YEAH_CONTROL/Mcount_counter_cy<11> (YEAH_CONTROL/Mcount_counter_cy<11>)
     MUXCY:CI->O           1   0.059   0.000  YEAH_CONTROL/Mcount_counter_cy<12> (YEAH_CONTROL/Mcount_counter_cy<12>)
     MUXCY:CI->O           0   0.059   0.000  YEAH_CONTROL/Mcount_counter_cy<13> (YEAH_CONTROL/Mcount_counter_cy<13>)
     XORCY:CI->O           1   0.804   0.000  YEAH_CONTROL/Mcount_counter_xor<14> (YEAH_CONTROL/Result<14>)
     FD:D                      0.308          YEAH_CONTROL/counter_14
    ----------------------------------------
    Total                      4.174ns (3.579ns logic, 0.595ns route)
                                       (85.7% logic, 14.3% route)

=========================================================================
Timing constraint: Default OFFSET OUT AFTER for Clock 'clk'
  Total number of paths / destination ports: 8 / 4
-------------------------------------------------------------------------
Offset:              5.795ns (Levels of Logic = 2)
  Source:            YEAH_CONTROL/counter_13 (FF)
  Destination:       an<3> (PAD)
  Source Clock:      clk rising

  Data Path: YEAH_CONTROL/counter_13 to an<3>
                                Gate     Net
    Cell:in->out      fanout   Delay   Delay  Logical Name (Net Name)
    ----------------------------------------  ------------
     FD:C->Q               5   0.591   0.808  YEAH_CONTROL/counter_13 (YEAH_CONTROL/counter_13)
     LUT2:I0->O            1   0.704   0.420  YEAH_CONTROL/an_3_mux00001 (an_3_OBUF)
     OBUF:I->O                 3.272          an_3_OBUF (an<3>)
    ----------------------------------------
    Total                      5.795ns (4.567ns logic, 1.228ns route)
                                       (78.8% logic, 21.2% route)

=========================================================================


Total REAL time to Xst completion: 6.00 secs
Total CPU time to Xst completion: 6.10 secs
 
--> 

Total memory usage is 258636 kilobytes

Number of errors   :    0 (   0 filtered)
Number of warnings :    8 (   0 filtered)
Number of infos    :    0 (   0 filtered)

