Release 14.7 - xst P.20131013 (nt64)
Copyright (c) 1995-2013 Xilinx, Inc.  All rights reserved.
--> Parameter TMPDIR set to xst/projnav.tmp


Total REAL time to Xst completion: 1.00 secs
Total CPU time to Xst completion: 0.42 secs
 
--> Parameter xsthdpdir set to xst


Total REAL time to Xst completion: 1.00 secs
Total CPU time to Xst completion: 0.42 secs
 
--> Reading design: vga_top.prj

TABLE OF CONTENTS
  1) Synthesis Options Summary
  2) HDL Compilation
  3) Design Hierarchy Analysis
  4) HDL Analysis
  5) HDL Synthesis
     5.1) HDL Synthesis Report
  6) Advanced HDL Synthesis
     6.1) Advanced HDL Synthesis Report
  7) Low Level Synthesis
  8) Partition Report
  9) Final Report
	9.1) Device utilization summary
	9.2) Partition Resource Summary
	9.3) TIMING REPORT


=========================================================================
*                      Synthesis Options Summary                        *
=========================================================================
---- Source Parameters
Input File Name                    : "vga_top.prj"
Input Format                       : mixed
Ignore Synthesis Constraint File   : NO

---- Target Parameters
Output File Name                   : "vga_top"
Output Format                      : NGC
Target Device                      : xc3s500e-4-fg320

---- Source Options
Top Module Name                    : vga_top
Automatic FSM Extraction           : YES
FSM Encoding Algorithm             : Auto
Safe Implementation                : No
FSM Style                          : LUT
RAM Extraction                     : Yes
RAM Style                          : Auto
ROM Extraction                     : Yes
Mux Style                          : Auto
Decoder Extraction                 : YES
Priority Encoder Extraction        : Yes
Shift Register Extraction          : YES
Logical Shifter Extraction         : YES
XOR Collapsing                     : YES
ROM Style                          : Auto
Mux Extraction                     : Yes
Resource Sharing                   : YES
Asynchronous To Synchronous        : NO
Multiplier Style                   : Auto
Automatic Register Balancing       : No

---- Target Options
Add IO Buffers                     : YES
Global Maximum Fanout              : 100000
Add Generic Clock Buffer(BUFG)     : 24
Register Duplication               : YES
Slice Packing                      : YES
Optimize Instantiated Primitives   : NO
Use Clock Enable                   : Yes
Use Synchronous Set                : Yes
Use Synchronous Reset              : Yes
Pack IO Registers into IOBs        : Auto
Equivalent register Removal        : YES

---- General Options
Optimization Goal                  : Speed
Optimization Effort                : 1
Keep Hierarchy                     : No
Netlist Hierarchy                  : As_Optimized
RTL Output                         : Yes
Global Optimization                : AllClockNets
Read Cores                         : YES
Write Timing Constraints           : NO
Cross Clock Analysis               : NO
Hierarchy Separator                : /
Bus Delimiter                      : <>
Case Specifier                     : Maintain
Slice Utilization Ratio            : 100
BRAM Utilization Ratio             : 100
Verilog 2001                       : YES
Auto BRAM Packing                  : NO
Slice Utilization Ratio Delta      : 5

=========================================================================


=========================================================================
*                          HDL Compilation                              *
=========================================================================
Compiling vhdl file "//fs-caedm/tcowley0/EE 320/Lab5_EE320_Taylor_Cowley/vga_timing.vhd" in Library work.
Architecture behavioral of Entity vga_timing is up to date.
Compiling vhdl file "//fs-caedm/tcowley0/EE 320/Lab5_EE320_Taylor_Cowley/vga_top.vhd" in Library work.
Entity <vga_top> compiled.
Entity <vga_top> (Architecture <top_level>) compiled.

=========================================================================
*                     Design Hierarchy Analysis                         *
=========================================================================
Analyzing hierarchy for entity <vga_top> in library <work> (architecture <top_level>).

Analyzing hierarchy for entity <vga_timing> in library <work> (architecture <behavioral>).


=========================================================================
*                            HDL Analysis                               *
=========================================================================
Analyzing Entity <vga_top> in library <work> (Architecture <top_level>).
WARNING:Xst:753 - "//fs-caedm/tcowley0/EE 320/Lab5_EE320_Taylor_Cowley/vga_top.vhd" line 45: Unconnected output port 'last_column' of component 'vga_timing'.
WARNING:Xst:753 - "//fs-caedm/tcowley0/EE 320/Lab5_EE320_Taylor_Cowley/vga_top.vhd" line 45: Unconnected output port 'last_row' of component 'vga_timing'.
Entity <vga_top> analyzed. Unit <vga_top> generated.

Analyzing Entity <vga_timing> in library <work> (Architecture <behavioral>).
Entity <vga_timing> analyzed. Unit <vga_timing> generated.


=========================================================================
*                           HDL Synthesis                               *
=========================================================================

Performing bidirectional port resolution...

Synthesizing Unit <vga_timing>.
    Related source file is "//fs-caedm/tcowley0/EE 320/Lab5_EE320_Taylor_Cowley/vga_timing.vhd".
    Found 1-bit register for signal <last_row>.
    Found 1-bit register for signal <last_column>.
    Found 1-bit register for signal <HS>.
    Found 1-bit register for signal <VS>.
    Found 1-bit register for signal <blank_x>.
    Found 1-bit register for signal <blank_y>.
    Found 10-bit up counter for signal <column_counter>.
    Found 1-bit register for signal <pixel_en>.
    Found 10-bit up counter for signal <row_counter>.
    Summary:
	inferred   2 Counter(s).
	inferred   7 D-type flip-flop(s).
Unit <vga_timing> synthesized.


Synthesizing Unit <vga_top>.
    Related source file is "//fs-caedm/tcowley0/EE 320/Lab5_EE320_Taylor_Cowley/vga_top.vhd".
    Found 1-bit register for signal <Hsync>.
    Found 1-bit register for signal <Vsync>.
    Found 3-bit register for signal <vgaRed>.
    Found 3-bit register for signal <vgaGreen>.
    Found 2-bit register for signal <vgaBlue>.
    Found 10-bit comparator less for signal <magColB$cmp_lt0000> created at line 119.
    Found 10-bit comparator less for signal <magColB$cmp_lt0001> created at line 119.
    Found 10-bit comparator less for signal <magColB$cmp_lt0002> created at line 119.
    Found 10-bit comparator less for signal <magColG$cmp_lt0000> created at line 107.
    Found 10-bit comparator less for signal <magColG$cmp_lt0001> created at line 107.
    Found 10-bit comparator less for signal <magColG$cmp_lt0002> created at line 107.
    Found 10-bit comparator less for signal <magColG$cmp_lt0003> created at line 107.
    Found 10-bit comparator less for signal <magRowB$cmp_lt0000> created at line 115.
    Found 10-bit comparator less for signal <magRowB$cmp_lt0001> created at line 115.
    Found 10-bit comparator less for signal <magRowB$cmp_lt0002> created at line 115.
    Found 10-bit comparator less for signal <magRowG$cmp_lt0000> created at line 99.
    Found 10-bit comparator less for signal <magRowG$cmp_lt0001> created at line 99.
    Found 10-bit comparator less for signal <magRowG$cmp_lt0002> created at line 99.
    Found 10-bit comparator less for signal <magRowG$cmp_lt0003> created at line 99.
    Summary:
	inferred  10 D-type flip-flop(s).
	inferred  14 Comparator(s).
Unit <vga_top> synthesized.


=========================================================================
HDL Synthesis Report

Macro Statistics
# Counters                                             : 2
 10-bit up counter                                     : 2
# Registers                                            : 12
 1-bit register                                        : 9
 2-bit register                                        : 1
 3-bit register                                        : 2
# Comparators                                          : 14
 10-bit comparator less                                : 14

=========================================================================

=========================================================================
*                       Advanced HDL Synthesis                          *
=========================================================================


=========================================================================
Advanced HDL Synthesis Report

Macro Statistics
# Counters                                             : 2
 10-bit up counter                                     : 2
# Registers                                            : 17
 Flip-Flops                                            : 17
# Comparators                                          : 14
 10-bit comparator less                                : 14

=========================================================================

=========================================================================
*                         Low Level Synthesis                           *
=========================================================================

Optimizing unit <vga_top> ...

Optimizing unit <vga_timing> ...
WARNING:Xst:2677 - Node <vga_timer/last_column> of sequential type is unconnected in block <vga_top>.
WARNING:Xst:2677 - Node <vga_timer/last_row> of sequential type is unconnected in block <vga_top>.

Mapping all equations...
Building and optimizing final netlist ...
Found area constraint ratio of 100 (+ 5) on block vga_top, actual ratio is 1.

Final Macro Processing ...

=========================================================================
Final Register Report

Macro Statistics
# Registers                                            : 35
 Flip-Flops                                            : 35

=========================================================================

=========================================================================
*                           Partition Report                            *
=========================================================================

Partition Implementation Status
-------------------------------

  No Partitions were found in this design.

-------------------------------

=========================================================================
*                            Final Report                               *
=========================================================================
Final Results
RTL Top Level Output File Name     : vga_top.ngr
Top Level Output File Name         : vga_top
Output Format                      : NGC
Optimization Goal                  : Speed
Keep Hierarchy                     : No

Design Statistics
# IOs                              : 23

Cell Usage :
# BELS                             : 182
#      GND                         : 1
#      INV                         : 3
#      LUT1                        : 18
#      LUT2                        : 32
#      LUT2_L                      : 5
#      LUT3                        : 10
#      LUT3_D                      : 2
#      LUT3_L                      : 1
#      LUT4                        : 48
#      LUT4_D                      : 8
#      LUT4_L                      : 12
#      MUXCY                       : 18
#      MUXF5                       : 2
#      MUXF6                       : 1
#      VCC                         : 1
#      XORCY                       : 20
# FlipFlops/Latches                : 35
#      FD                          : 2
#      FDC                         : 1
#      FDCE                        : 22
#      FDPE                        : 2
#      FDRS                        : 8
# Clock Buffers                    : 1
#      BUFGP                       : 1
# IO Buffers                       : 22
#      IBUF                        : 12
#      OBUF                        : 10
=========================================================================

Device utilization summary:
---------------------------

Selected Device : 3s500efg320-4 

 Number of Slices:                       73  out of   4656     1%  
 Number of Slice Flip Flops:             35  out of   9312     0%  
 Number of 4 input LUTs:                139  out of   9312     1%  
 Number of IOs:                          23
 Number of bonded IOBs:                  23  out of    232     9%  
 Number of GCLKs:                         1  out of     24     4%  

---------------------------
Partition Resource Summary:
---------------------------

  No Partitions were found in this design.

---------------------------


=========================================================================
TIMING REPORT

NOTE: THESE TIMING NUMBERS ARE ONLY A SYNTHESIS ESTIMATE.
      FOR ACCURATE TIMING INFORMATION PLEASE REFER TO THE TRACE REPORT
      GENERATED AFTER PLACE-and-ROUTE.

Clock Information:
------------------
-----------------------------------+------------------------+-------+
Clock Signal                       | Clock buffer(FF name)  | Load  |
-----------------------------------+------------------------+-------+
clk                                | BUFGP                  | 35    |
-----------------------------------+------------------------+-------+

Asynchronous Control Signals Information:
----------------------------------------
-----------------------------------+------------------------+-------+
Control Signal                     | Buffer(FF name)        | Load  |
-----------------------------------+------------------------+-------+
btn<3>                             | IBUF                   | 25    |
-----------------------------------+------------------------+-------+

Timing Summary:
---------------
Speed Grade: -4

   Minimum period: 6.365ns (Maximum Frequency: 157.109MHz)
   Minimum input arrival time before clock: 6.339ns
   Maximum output required time after clock: 4.283ns
   Maximum combinational path delay: No path found

Timing Detail:
--------------
All values displayed in nanoseconds (ns)

=========================================================================
Timing constraint: Default period analysis for Clock 'clk'
  Clock period: 6.365ns (frequency: 157.109MHz)
  Total number of paths / destination ports: 895 / 67
-------------------------------------------------------------------------
Delay:               6.365ns (Levels of Logic = 4)
  Source:            vga_timer/row_counter_6 (FF)
  Destination:       vgaGreen_0 (FF)
  Source Clock:      clk rising
  Destination Clock: clk rising

  Data Path: vga_timer/row_counter_6 to vgaGreen_0
                                Gate     Net
    Cell:in->out      fanout   Delay   Delay  Logical Name (Net Name)
    ----------------------------------------  ------------
     FDCE:C->Q            15   0.591   1.192  vga_timer/row_counter_6 (vga_timer/row_counter_6)
     LUT2:I0->O            1   0.704   0.424  magColG_cmp_lt0002119 (magColG_cmp_lt0002119)
     LUT4_D:I3->O          3   0.704   0.610  magColG_cmp_lt0002146 (magColG_cmp_lt0002)
     LUT4:I1->O            1   0.704   0.424  green<0>19 (green<0>19)
     LUT4:I3->O            1   0.704   0.000  green<0>581 (green<0>58)
     FDRS:D                    0.308          vgaGreen_0
    ----------------------------------------
    Total                      6.365ns (3.715ns logic, 2.650ns route)
                                       (58.4% logic, 41.6% route)

=========================================================================
Timing constraint: Default OFFSET IN BEFORE for Clock 'clk'
  Total number of paths / destination ports: 78 / 16
-------------------------------------------------------------------------
Offset:              6.339ns (Levels of Logic = 4)
  Source:            btn<3> (PAD)
  Destination:       vgaBlue_1 (FF)
  Destination Clock: clk rising

  Data Path: btn<3> to vgaBlue_1
                                Gate     Net
    Cell:in->out      fanout   Delay   Delay  Logical Name (Net Name)
    ----------------------------------------  ------------
     IBUF:I->O            33   1.218   1.298  btn_3_IBUF (btn_3_IBUF)
     LUT3:I2->O            5   0.704   0.808  blue<1>11 (N12)
     LUT3:I0->O            1   0.704   0.595  red<2>41_SW0 (N27)
     LUT4:I0->O            1   0.704   0.000  blue<1>1111 (blue<1>111)
     FDRS:D                    0.308          vgaBlue_1
    ----------------------------------------
    Total                      6.339ns (3.638ns logic, 2.701ns route)
                                       (57.4% logic, 42.6% route)

=========================================================================
Timing constraint: Default OFFSET OUT AFTER for Clock 'clk'
  Total number of paths / destination ports: 10 / 10
-------------------------------------------------------------------------
Offset:              4.283ns (Levels of Logic = 1)
  Source:            Vsync (FF)
  Destination:       Vsync (PAD)
  Source Clock:      clk rising

  Data Path: Vsync to Vsync
                                Gate     Net
    Cell:in->out      fanout   Delay   Delay  Logical Name (Net Name)
    ----------------------------------------  ------------
     FD:C->Q               1   0.591   0.420  Vsync (Vsync_OBUF)
     OBUF:I->O                 3.272          Vsync_OBUF (Vsync)
    ----------------------------------------
    Total                      4.283ns (3.863ns logic, 0.420ns route)
                                       (90.2% logic, 9.8% route)

=========================================================================


Total REAL time to Xst completion: 9.00 secs
Total CPU time to Xst completion: 9.38 secs
 
--> 

Total memory usage is 263696 kilobytes

Number of errors   :    0 (   0 filtered)
Number of warnings :    4 (   0 filtered)
Number of infos    :    0 (   0 filtered)

