ISim log file
Running: J:\EE 320\Lab7_EE320_Taylor_Cowley\tx_testbench_isim_beh.exe -intstyle ise -gui -tclbatch isim.cmd -wdb J:/EE 320/Lab7_EE320_Taylor_Cowley/tx_testbench_isim_beh.wdb 
ISim P.20131013 (signature 0x7708f090)
----------------------------------------------------------------------
INFO:Security:51 - The XILINXD_LICENSE_FILE environment variable is not set.
INFO:Security:52 - The LM_LICENSE_FILE environment variable is set to '2100@xilinxlic1.ee.byu.edu'.
WARNING:Security:43 - No license file was found in the standard Xilinx license directory.
WARNING:Security:44 - Since no license file was found,
       please run the Xilinx License Configuration Manager
       (xlcm or "Manage Xilinx Licenses")
       to assist in obtaining a license.
WARNING:Security:42 - Your software subscription period has lapsed. Your current version of Xilinx tools will continue to function, but you no longer qualify for Xilinx software updates or new releases.


----------------------------------------------------------------------
This is a Full version of ISim.
Time resolution is 1 ps
# onerror resume
# wave add /
# run 1000 ns
Simulator is doing circuit initialization process.
Finished circuit initialization process.
# run 10ms
Successfully transmitted the following byte:10101010 at time 1281078.328 ns
Successfully transmitted the following byte:01101001 at time 1932119.99 ns
Successfully transmitted the following byte:11111111 at time 2583161.652 ns
Successfully transmitted the following byte:00000000 at time 3234203.314 ns
Successfully transmitted the following byte:11110000
--- Test Done ---:6072814.996 ns
