ISim log file
Running: J:\EE 320\Lab9_EE320_Taylor_Cowley - Copy\tb_sramController_isim_beh.exe -intstyle ise -gui -tclbatch isim.cmd -wdb J:/EE 320/Lab9_EE320_Taylor_Cowley - Copy/tb_sramController_isim_beh.wdb 
ISim P.20131013 (signature 0x7708f090)
----------------------------------------------------------------------
INFO:Security:51 - The XILINXD_LICENSE_FILE environment variable is not set.
INFO:Security:52 - The LM_LICENSE_FILE environment variable is set to '2100@xilinxlic1.ee.byu.edu'.
WARNING:Security:43 - No license file was found in the standard Xilinx license directory.
WARNING:Security:44 - Since no license file was found,
       please run the Xilinx License Configuration Manager
       (xlcm or "Manage Xilinx Licenses")
       to assist in obtaining a license.
WARNING:Security:42 - Your software subscription period has lapsed. Your current version of Xilinx tools will continue to function, but you no longer qualify for Xilinx software updates or new releases.


----------------------------------------------------------------------
This is a Full version of ISim.
Time resolution is 1 ps
# onerror resume
# wave add /
# run 1000 ns
Simulator is doing circuit initialization process.
Finished circuit initialization process.
# run 160 us
===============================================================
150150.000 ns  INFO: Async - Write
150210.000 ns  INFO: Async - Write data latched, addr = 000000, Mask = 0, Data = 0000
150430.000 ns  INFO: Async - Read, addr = 000000, Data = 0000
150850.000 ns  INFO: Async - Write
150910.000 ns  INFO: Async - Write data latched, addr = 0000ff, Mask = 0, Data = f0f0
151130.000 ns  INFO: Async - Read, addr = 0000ff, Data = f0f0
151550.000 ns  INFO: Async - Write
151610.000 ns  INFO: Async - Write data latched, addr = 00004c, Mask = 0, Data = 0f0f
151830.000 ns  INFO: Async - Read, addr = 00004c, Data = 0f0f
152250.000 ns  INFO: Async - Write
152310.000 ns  INFO: Async - Write data latched, addr = 001234, Mask = 0, Data = ffff
152530.000 ns  INFO: Async - Read, addr = 001234, Data = ffff
152950.000 ns  INFO: Async - Read, addr = 000000, Data = 0000
153070.000 ns  INFO: Async - Read, addr = 0000ff, Data = f0f0
153190.000 ns  INFO: Async - Read, addr = 00004c, Data = 0f0f
153310.000 ns  INFO: Async - Read, addr = 001234, Data = ffff
All memory tests PASSED!
DONE!
